2019-03-02 10:55:00,069 - BrowserEngine - INFO - you had select Chrome browser.
2019-03-02 10:55:00,070 - BrowserEngine - INFO - the test server url is: http://127.0.0.1/forum.php
2019-03-02 10:55:03,566 - BrowserEngine - INFO - Starting Chrome browser.
2019-03-02 10:55:04,155 - BrowserEngine - INFO - Open url: http://127.0.0.1/forum.php
2019-03-02 10:55:05,309 - BrowserEngine - INFO - Maximize the current window.
2019-03-02 10:55:05,311 - BrowserEngine - INFO - Set implicitly wait 5 seconds
2019-03-02 10:55:14,921 - BasePage - INFO - 输入内容username
2019-03-02 10:55:14,921 - BasePage - INFO - 输入内容username
2019-03-02 10:55:15,052 - BasePage - INFO - 输入内容username
2019-03-02 10:55:15,052 - BasePage - INFO - 输入内容username
2019-03-02 10:55:25,822 - BasePage - INFO - 输入内容haotest
2019-03-02 10:55:25,822 - BasePage - INFO - 输入内容haotest
2019-03-02 10:55:26,003 - BasePage - INFO - 输入内容好乱好乱好乱好乱好难定位啊啊啊啊啊！！！！
2019-03-02 10:55:26,003 - BasePage - INFO - 输入内容好乱好乱好乱好乱好难定位啊啊啊啊啊！！！！
2019-03-02 10:55:40,641 - BasePage - INFO - 输入内容真的是好难！！！！！啊！！！啊
2019-03-02 10:55:40,641 - BasePage - INFO - 输入内容真的是好难！！！！！啊！！！啊
2019-03-02 10:55:54,665 - BrowserEngine - INFO - you had select Chrome browser.
2019-03-02 10:55:54,667 - BrowserEngine - INFO - the test server url is: http://127.0.0.1/forum.php
2019-03-02 10:55:57,288 - BrowserEngine - INFO - Starting Chrome browser.
2019-03-02 10:55:57,737 - BrowserEngine - INFO - Open url: http://127.0.0.1/forum.php
2019-03-02 10:55:58,891 - BrowserEngine - INFO - Maximize the current window.
2019-03-02 10:55:58,891 - BrowserEngine - INFO - Set implicitly wait 5 seconds
2019-03-02 10:56:03,707 - BasePage - INFO - 输入内容admin
2019-03-02 10:56:03,707 - BasePage - INFO - 输入内容admin
2019-03-02 10:56:07,967 - BasePage - INFO - 输入内容admin
2019-03-02 10:56:07,967 - BasePage - INFO - 输入内容admin
2019-03-02 10:56:29,907 - BasePage - INFO - 输入内容admin
2019-03-02 10:56:29,907 - BasePage - INFO - 输入内容admin
2019-03-02 10:57:07,920 - BasePage - INFO - 输入内容discuz实战3
2019-03-02 10:57:07,920 - BasePage - INFO - 输入内容discuz实战3
2019-03-02 10:57:11,239 - BasePage - INFO - Closing and quit the browser
2019-03-02 10:57:11,239 - BasePage - INFO - Closing and quit the browser
2019-03-02 10:57:21,881 - BasePage - INFO - 输入内容username
2019-03-02 10:57:21,881 - BasePage - INFO - 输入内容username
2019-03-02 10:57:21,986 - BasePage - INFO - 输入内容username
2019-03-02 10:57:21,986 - BasePage - INFO - 输入内容username
2019-03-02 10:57:32,851 - BasePage - INFO - 输入内容退不出去
2019-03-02 10:57:32,851 - BasePage - INFO - 输入内容退不出去
2019-03-02 10:57:32,968 - BasePage - INFO - 输入内容我怎么进啊啊啊啊啊啊啊！！！
2019-03-02 10:57:32,968 - BasePage - INFO - 输入内容我怎么进啊啊啊啊啊啊啊！！！
2019-03-02 10:57:49,622 - BasePage - INFO - 输入内容我要睡觉！！！！
2019-03-02 10:57:49,622 - BasePage - INFO - 输入内容我要睡觉！！！！
2019-03-02 10:58:03,087 - BrowserEngine - INFO - you had select Chrome browser.
2019-03-02 10:58:03,088 - BrowserEngine - INFO - the test server url is: http://127.0.0.1/forum.php
2019-03-02 10:58:05,871 - BrowserEngine - INFO - Starting Chrome browser.
2019-03-02 10:58:06,337 - BrowserEngine - INFO - Open url: http://127.0.0.1/forum.php
2019-03-02 10:58:07,452 - BrowserEngine - INFO - Maximize the current window.
2019-03-02 10:58:07,455 - BrowserEngine - INFO - Set implicitly wait 5 seconds
2019-03-02 10:58:12,395 - BasePage - INFO - 输入内容username
2019-03-02 10:58:12,395 - BasePage - INFO - 输入内容username
2019-03-02 10:58:12,500 - BasePage - INFO - 输入内容username
2019-03-02 10:58:12,500 - BasePage - INFO - 输入内容username
2019-03-02 10:58:19,836 - BasePage - INFO - 输入内容haotest
2019-03-02 10:58:19,836 - BasePage - INFO - 输入内容haotest
2019-03-02 10:58:34,799 - BasePage - INFO - Closing and quit the browser
2019-03-02 10:58:34,799 - BasePage - INFO - Closing and quit the browser
2019-03-02 10:58:45,534 - BrowserEngine - INFO - you had select Chrome browser.
2019-03-02 10:58:45,535 - BrowserEngine - INFO - the test server url is: http://127.0.0.1/forum.php
2019-03-02 10:58:48,295 - BrowserEngine - INFO - Starting Chrome browser.
2019-03-02 10:58:48,775 - BrowserEngine - INFO - Open url: http://127.0.0.1/forum.php
2019-03-02 10:58:49,915 - BrowserEngine - INFO - Maximize the current window.
2019-03-02 10:58:49,916 - BrowserEngine - INFO - Set implicitly wait 5 seconds
2019-03-02 10:58:54,576 - BasePage - INFO - 输入内容username
2019-03-02 10:58:54,576 - BasePage - INFO - 输入内容username
2019-03-02 10:58:54,680 - BasePage - INFO - 输入内容username
2019-03-02 10:58:54,680 - BasePage - INFO - 输入内容username
2019-03-02 10:59:04,115 - BasePage - INFO - 输入内容周末除了学习能干嘛
2019-03-02 10:59:04,115 - BasePage - INFO - 输入内容周末除了学习能干嘛
2019-03-02 10:59:04,209 - BasePage - INFO - 输入内容学习
2019-03-02 10:59:04,209 - BasePage - INFO - 输入内容学习
2019-03-02 10:59:04,302 - BasePage - INFO - 输入内容睡觉
2019-03-02 10:59:04,302 - BasePage - INFO - 输入内容睡觉
2019-03-02 10:59:04,415 - BasePage - INFO - 输入内容出去玩
2019-03-02 10:59:04,415 - BasePage - INFO - 输入内容出去玩
